2024-06-09 20:32:52,068.Consumer_FoodA.INFO ==================================================
2024-06-09 20:32:52,068.Consumer_FoodA.INFO Today is 2024-06-09 at 08:32 PM
2024-06-09 20:32:52,068.Consumer_FoodA.INFO Running on: posix Darwin 21.4.0
2024-06-09 20:32:52,068.Consumer_FoodA.INFO Python version:  3.12.2
2024-06-09 20:32:52,068.Consumer_FoodA.INFO Python path: /Library/Frameworks/Python.framework/Versions/3.12
2024-06-09 20:32:52,068.Consumer_FoodA.INFO Working dir: /Users/olakunlealabi/Documents/streaming-05-smart-smoker-5
2024-06-09 20:32:52,068.Consumer_FoodA.INFO ==================================================
2024-06-09 20:32:58,154.Consumer_FoodA.INFO  [x] Sent /
2024-06-09 20:32:58,162.Consumer_FoodA.INFO  [x] Sent U
2024-06-09 20:32:58,171.Consumer_FoodA.INFO  [x] Sent s
2024-06-09 20:32:58,177.Consumer_FoodA.INFO  [x] Sent e
2024-06-09 20:32:58,184.Consumer_FoodA.INFO  [x] Sent r
2024-06-09 20:32:58,190.Consumer_FoodA.INFO  [x] Sent s
2024-06-09 20:32:58,195.Consumer_FoodA.INFO  [x] Sent /
2024-06-09 20:32:58,201.Consumer_FoodA.INFO  [x] Sent o
2024-06-09 20:32:58,206.Consumer_FoodA.INFO  [x] Sent l
2024-06-09 20:32:58,211.Consumer_FoodA.INFO  [x] Sent a
2024-06-09 20:32:58,217.Consumer_FoodA.INFO  [x] Sent k
2024-06-09 20:32:58,222.Consumer_FoodA.INFO  [x] Sent u
2024-06-09 20:32:58,229.Consumer_FoodA.INFO  [x] Sent n
2024-06-09 20:32:58,235.Consumer_FoodA.INFO  [x] Sent l
2024-06-09 20:32:58,241.Consumer_FoodA.INFO  [x] Sent e
2024-06-09 20:32:58,247.Consumer_FoodA.INFO  [x] Sent a
2024-06-09 20:32:58,252.Consumer_FoodA.INFO  [x] Sent l
2024-06-09 20:32:58,259.Consumer_FoodA.INFO  [x] Sent a
2024-06-09 20:32:58,265.Consumer_FoodA.INFO  [x] Sent b
2024-06-09 20:32:58,271.Consumer_FoodA.INFO  [x] Sent i
2024-06-09 20:32:58,276.Consumer_FoodA.INFO  [x] Sent /
2024-06-09 20:32:58,282.Consumer_FoodA.INFO  [x] Sent D
2024-06-09 20:32:58,287.Consumer_FoodA.INFO  [x] Sent o
2024-06-09 20:32:58,292.Consumer_FoodA.INFO  [x] Sent c
2024-06-09 20:32:58,298.Consumer_FoodA.INFO  [x] Sent u
2024-06-09 20:32:58,304.Consumer_FoodA.INFO  [x] Sent m
2024-06-09 20:32:58,308.Consumer_FoodA.INFO  [x] Sent e
2024-06-09 20:32:58,313.Consumer_FoodA.INFO  [x] Sent n
2024-06-09 20:32:58,319.Consumer_FoodA.INFO  [x] Sent t
2024-06-09 20:32:58,324.Consumer_FoodA.INFO  [x] Sent s
2024-06-09 20:32:58,329.Consumer_FoodA.INFO  [x] Sent /
2024-06-09 20:32:58,334.Consumer_FoodA.INFO  [x] Sent s
2024-06-09 20:32:58,339.Consumer_FoodA.INFO  [x] Sent t
2024-06-09 20:32:58,344.Consumer_FoodA.INFO  [x] Sent r
2024-06-09 20:32:58,349.Consumer_FoodA.INFO  [x] Sent e
2024-06-09 20:32:58,354.Consumer_FoodA.INFO  [x] Sent a
2024-06-09 20:32:58,359.Consumer_FoodA.INFO  [x] Sent m
2024-06-09 20:32:58,364.Consumer_FoodA.INFO  [x] Sent i
2024-06-09 20:32:58,369.Consumer_FoodA.INFO  [x] Sent n
2024-06-09 20:32:58,374.Consumer_FoodA.INFO  [x] Sent g
2024-06-09 20:32:58,380.Consumer_FoodA.INFO  [x] Sent -
2024-06-09 20:32:58,385.Consumer_FoodA.INFO  [x] Sent 0
2024-06-09 20:32:58,390.Consumer_FoodA.INFO  [x] Sent 5
2024-06-09 20:32:58,395.Consumer_FoodA.INFO  [x] Sent -
2024-06-09 20:32:58,400.Consumer_FoodA.INFO  [x] Sent s
2024-06-09 20:32:58,405.Consumer_FoodA.INFO  [x] Sent m
2024-06-09 20:32:58,410.Consumer_FoodA.INFO  [x] Sent a
2024-06-09 20:32:58,415.Consumer_FoodA.INFO  [x] Sent r
2024-06-09 20:32:58,420.Consumer_FoodA.INFO  [x] Sent t
2024-06-09 20:32:58,425.Consumer_FoodA.INFO  [x] Sent -
2024-06-09 20:32:58,430.Consumer_FoodA.INFO  [x] Sent s
2024-06-09 20:32:58,435.Consumer_FoodA.INFO  [x] Sent m
2024-06-09 20:32:58,440.Consumer_FoodA.INFO  [x] Sent o
2024-06-09 20:32:58,446.Consumer_FoodA.INFO  [x] Sent k
2024-06-09 20:32:58,450.Consumer_FoodA.INFO  [x] Sent e
2024-06-09 20:32:58,455.Consumer_FoodA.INFO  [x] Sent r
2024-06-09 20:32:58,460.Consumer_FoodA.INFO  [x] Sent -
2024-06-09 20:32:58,465.Consumer_FoodA.INFO  [x] Sent 5
2024-06-09 20:32:58,470.Consumer_FoodA.INFO  [x] Sent /
2024-06-09 20:32:58,475.Consumer_FoodA.INFO  [x] Sent s
2024-06-09 20:32:58,480.Consumer_FoodA.INFO  [x] Sent m
2024-06-09 20:32:58,485.Consumer_FoodA.INFO  [x] Sent o
2024-06-09 20:32:58,490.Consumer_FoodA.INFO  [x] Sent k
2024-06-09 20:32:58,495.Consumer_FoodA.INFO  [x] Sent e
2024-06-09 20:32:58,499.Consumer_FoodA.INFO  [x] Sent r
2024-06-09 20:32:58,503.Consumer_FoodA.INFO  [x] Sent -
2024-06-09 20:32:58,507.Consumer_FoodA.INFO  [x] Sent t
2024-06-09 20:32:58,517.Consumer_FoodA.INFO  [x] Sent e
2024-06-09 20:32:58,522.Consumer_FoodA.INFO  [x] Sent m
2024-06-09 20:32:58,526.Consumer_FoodA.INFO  [x] Sent p
2024-06-09 20:32:58,531.Consumer_FoodA.INFO  [x] Sent s
2024-06-09 20:32:58,535.Consumer_FoodA.INFO  [x] Sent .
2024-06-09 20:32:58,539.Consumer_FoodA.INFO  [x] Sent c
2024-06-09 20:32:58,543.Consumer_FoodA.INFO  [x] Sent s
2024-06-09 20:32:58,547.Consumer_FoodA.INFO  [x] Sent v
